<?xml version="1.0" encoding="UTF-8"?>
<testng-results ignored="0" total="1" passed="1" failed="0" skipped="0">
  <reporter-output>
  </reporter-output>
  <suite started-at="2025-07-09T00:08:02 IST" name="Surefire suite" finished-at="2025-07-09T00:08:02 IST" duration-ms="147">
    <groups>
    </groups>
    <test started-at="2025-07-09T00:08:02 IST" name="Surefire test" finished-at="2025-07-09T00:08:02 IST" duration-ms="147">
      <class name="browserStackTest.AppTest">
        <test-method signature="shouldAnswerWithTrue()[pri:0, instance:browserStackTest.AppTest@209da20d]" started-at="2025-07-09T00:08:02 IST" name="shouldAnswerWithTrue" finished-at="2025-07-09T00:08:02 IST" duration-ms="53" status="PASS">
          <reporter-output>
          </reporter-output>
        </test-method> <!-- shouldAnswerWithTrue -->
      </class> <!-- browserStackTest.AppTest -->
    </test> <!-- Surefire test -->
  </suite> <!-- Surefire suite -->
</testng-results>
